  CollisionDetection.cpp
D:\PureCppGames\PureCppGames\olcConsoleGameEngine.h(767,1): warning C4267: 'initializing': conversion from 'size_t' to 'int', possible loss of data
D:\PureCppGames\PureCppGames\olcConsoleGameEngine.h(1107,1): warning C4267: 'return': conversion from 'size_t' to 'unsigned int', possible loss of data
D:\PureCppGames\PureCppGames\olcConsoleGameEngine.h(1204,1): warning C4312: 'type cast': conversion from 'DWORD' to 'olcConsoleGameEngine *' of greater size
D:\PureCppGames\PureCppGames\CollisionDetection\CollisionDetection.cpp(49,1): warning C4267: '=': conversion from 'size_t' to 'int', possible loss of data
D:\PureCppGames\PureCppGames\CollisionDetection\CollisionDetection.cpp(81,76): warning C4244: 'argument': conversion from 'int' to 'float', possible loss of data
D:\PureCppGames\PureCppGames\CollisionDetection\CollisionDetection.cpp(81,43): warning C4244: 'argument': conversion from 'int' to 'float', possible loss of data
D:\PureCppGames\PureCppGames\CollisionDetection\CollisionDetection.cpp(81,19): warning C4244: 'argument': conversion from 'int' to 'float', possible loss of data
D:\PureCppGames\PureCppGames\CollisionDetection\CollisionDetection.cpp(107,69): warning C4244: 'argument': conversion from 'int' to 'float', possible loss of data
D:\PureCppGames\PureCppGames\CollisionDetection\CollisionDetection.cpp(107,56): warning C4244: 'argument': conversion from 'int' to 'float', possible loss of data
D:\PureCppGames\PureCppGames\CollisionDetection\CollisionDetection.cpp(117,69): warning C4244: 'argument': conversion from 'int' to 'float', possible loss of data
D:\PureCppGames\PureCppGames\CollisionDetection\CollisionDetection.cpp(117,56): warning C4244: 'argument': conversion from 'int' to 'float', possible loss of data
D:\PureCppGames\PureCppGames\CollisionDetection\CollisionDetection.cpp(123,69): warning C4244: 'argument': conversion from 'int' to 'float', possible loss of data
D:\PureCppGames\PureCppGames\CollisionDetection\CollisionDetection.cpp(123,56): warning C4244: 'argument': conversion from 'int' to 'float', possible loss of data
D:\PureCppGames\PureCppGames\CollisionDetection\CollisionDetection.cpp(136,27): warning C4244: '=': conversion from 'int' to 'float', possible loss of data
D:\PureCppGames\PureCppGames\CollisionDetection\CollisionDetection.cpp(137,27): warning C4244: '=': conversion from 'int' to 'float', possible loss of data
D:\PureCppGames\PureCppGames\CollisionDetection\CollisionDetection.cpp(144,26): warning C4244: '=': conversion from 'int' to 'float', possible loss of data
D:\PureCppGames\PureCppGames\CollisionDetection\CollisionDetection.cpp(145,26): warning C4244: '=': conversion from 'int' to 'float', possible loss of data
D:\PureCppGames\PureCppGames\CollisionDetection\CollisionDetection.cpp(149,26): warning C4244: '=': conversion from 'int' to 'float', possible loss of data
D:\PureCppGames\PureCppGames\CollisionDetection\CollisionDetection.cpp(150,26): warning C4244: '=': conversion from 'int' to 'float', possible loss of data
D:\PureCppGames\PureCppGames\CollisionDetection\CollisionDetection.cpp(341,14): warning C4244: 'initializing': conversion from 'double' to 'float', possible loss of data
D:\PureCppGames\PureCppGames\CollisionDetection\CollisionDetection.cpp(362,37): warning C4244: 'argument': conversion from 'float' to 'int', possible loss of data
D:\PureCppGames\PureCppGames\CollisionDetection\CollisionDetection.cpp(362,28): warning C4244: 'argument': conversion from 'float' to 'int', possible loss of data
D:\PureCppGames\PureCppGames\CollisionDetection\CollisionDetection.cpp(362,19): warning C4244: 'argument': conversion from 'float' to 'int', possible loss of data
D:\PureCppGames\PureCppGames\CollisionDetection\CollisionDetection.cpp(363,37): warning C4244: 'argument': conversion from 'float' to 'int', possible loss of data
D:\PureCppGames\PureCppGames\CollisionDetection\CollisionDetection.cpp(363,28): warning C4244: 'argument': conversion from 'float' to 'int', possible loss of data
D:\PureCppGames\PureCppGames\CollisionDetection\CollisionDetection.cpp(363,19): warning C4244: 'argument': conversion from 'float' to 'int', possible loss of data
D:\PureCppGames\PureCppGames\CollisionDetection\CollisionDetection.cpp(373,112): warning C4244: 'argument': conversion from 'float' to 'int', possible loss of data
D:\PureCppGames\PureCppGames\CollisionDetection\CollisionDetection.cpp(373,82): warning C4244: 'argument': conversion from 'float' to 'int', possible loss of data
D:\PureCppGames\PureCppGames\CollisionDetection\CollisionDetection.cpp(373,52): warning C4244: 'argument': conversion from 'float' to 'int', possible loss of data
D:\PureCppGames\PureCppGames\CollisionDetection\CollisionDetection.cpp(373,22): warning C4244: 'argument': conversion from 'float' to 'int', possible loss of data
D:\PureCppGames\PureCppGames\CollisionDetection\CollisionDetection.cpp(374,112): warning C4244: 'argument': conversion from 'float' to 'int', possible loss of data
D:\PureCppGames\PureCppGames\CollisionDetection\CollisionDetection.cpp(374,82): warning C4244: 'argument': conversion from 'float' to 'int', possible loss of data
D:\PureCppGames\PureCppGames\CollisionDetection\CollisionDetection.cpp(374,52): warning C4244: 'argument': conversion from 'float' to 'int', possible loss of data
D:\PureCppGames\PureCppGames\CollisionDetection\CollisionDetection.cpp(374,22): warning C4244: 'argument': conversion from 'float' to 'int', possible loss of data
D:\PureCppGames\PureCppGames\CollisionDetection\CollisionDetection.cpp(380,37): warning C4244: 'argument': conversion from 'float' to 'int', possible loss of data
D:\PureCppGames\PureCppGames\CollisionDetection\CollisionDetection.cpp(380,28): warning C4244: 'argument': conversion from 'float' to 'int', possible loss of data
D:\PureCppGames\PureCppGames\CollisionDetection\CollisionDetection.cpp(380,19): warning C4244: 'argument': conversion from 'float' to 'int', possible loss of data
D:\PureCppGames\PureCppGames\CollisionDetection\CollisionDetection.cpp(385,61): warning C4244: 'argument': conversion from 'float' to 'int', possible loss of data
D:\PureCppGames\PureCppGames\CollisionDetection\CollisionDetection.cpp(385,47): warning C4244: 'argument': conversion from 'float' to 'int', possible loss of data
D:\PureCppGames\PureCppGames\CollisionDetection\CollisionDetection.cpp(385,33): warning C4244: 'argument': conversion from 'float' to 'int', possible loss of data
D:\PureCppGames\PureCppGames\CollisionDetection\CollisionDetection.cpp(385,20): warning C4244: 'argument': conversion from 'float' to 'int', possible loss of data
D:\PureCppGames\PureCppGames\CollisionDetection\CollisionDetection.cpp(390,45): warning C4244: 'argument': conversion from 'float' to 'int', possible loss of data
D:\PureCppGames\PureCppGames\CollisionDetection\CollisionDetection.cpp(390,26): warning C4244: 'argument': conversion from 'float' to 'int', possible loss of data
  CollisionDetection.vcxproj -> D:\PureCppGames\PureCppGames\CollisionDetection\x64\Debug\CollisionDetection.exe
